{"/app/pointless_impressions_src/theme/static_src/src/js/artwork_detail.js": {"path":"/app/pointless_impressions_src/theme/static_src/src/js/artwork_detail.js","statementMap":{"0":{"start":{"line":12,"column":2},"end":{"line":14,"column":3}},"1":{"start":{"line":13,"column":4},"end":{"line":13,"column":19}},"2":{"start":{"line":15,"column":2},"end":{"line":18,"column":5}},"3":{"start":{"line":26,"column":2},"end":{"line":29,"column":3}},"4":{"start":{"line":27,"column":4},"end":{"line":27,"column":46}},"5":{"start":{"line":28,"column":4},"end":{"line":28,"column":11}},"6":{"start":{"line":31,"column":23},"end":{"line":31,"column":63}},"7":{"start":{"line":32,"column":29},"end":{"line":32,"column":75}},"8":{"start":{"line":33,"column":23},"end":{"line":33,"column":63}},"9":{"start":{"line":34,"column":23},"end":{"line":34,"column":63}},"10":{"start":{"line":35,"column":24},"end":{"line":35,"column":70}},"11":{"start":{"line":37,"column":2},"end":{"line":39,"column":3}},"12":{"start":{"line":38,"column":4},"end":{"line":38,"column":54}},"13":{"start":{"line":41,"column":2},"end":{"line":43,"column":3}},"14":{"start":{"line":42,"column":4},"end":{"line":42,"column":67}},"15":{"start":{"line":45,"column":2},"end":{"line":47,"column":3}},"16":{"start":{"line":46,"column":4},"end":{"line":46,"column":62}},"17":{"start":{"line":49,"column":2},"end":{"line":52,"column":3}},"18":{"start":{"line":50,"column":4},"end":{"line":50,"column":47}},"19":{"start":{"line":51,"column":4},"end":{"line":51,"column":70}},"20":{"start":{"line":54,"column":2},"end":{"line":56,"column":3}},"21":{"start":{"line":55,"column":4},"end":{"line":55,"column":70}},"22":{"start":{"line":68,"column":13},"end":{"line":68,"column":59}},"23":{"start":{"line":71,"column":2},"end":{"line":81,"column":3}},"24":{"start":{"line":73,"column":4},"end":{"line":73,"column":41}},"25":{"start":{"line":76,"column":4},"end":{"line":80,"column":6}},"26":{"start":{"line":84,"column":2},"end":{"line":84,"column":53}},"27":{"start":{"line":86,"column":2},"end":{"line":86,"column":25}},"28":{"start":{"line":94,"column":23},"end":{"line":94,"column":65}},"29":{"start":{"line":95,"column":2},"end":{"line":106,"column":3}},"30":{"start":{"line":96,"column":4},"end":{"line":105,"column":7}},"31":{"start":{"line":98,"column":24},"end":{"line":98,"column":54}},"32":{"start":{"line":99,"column":20},"end":{"line":99,"column":58}},"33":{"start":{"line":101,"column":6},"end":{"line":104,"column":7}},"34":{"start":{"line":102,"column":8},"end":{"line":102,"column":39}},"35":{"start":{"line":103,"column":8},"end":{"line":103,"column":50}},"36":{"start":{"line":114,"column":26},"end":{"line":114,"column":73}},"37":{"start":{"line":115,"column":2},"end":{"line":123,"column":3}},"38":{"start":{"line":116,"column":4},"end":{"line":116,"column":42}},"39":{"start":{"line":117,"column":4},"end":{"line":117,"column":44}},"40":{"start":{"line":120,"column":4},"end":{"line":122,"column":13}},"41":{"start":{"line":121,"column":6},"end":{"line":121,"column":45}},"42":{"start":{"line":127,"column":0},"end":{"line":131,"column":1}},"43":{"start":{"line":128,"column":2},"end":{"line":128,"column":67}},"44":{"start":{"line":130,"column":2},"end":{"line":130,"column":22}}},"fnMap":{"0":{"name":"formatPrice","decl":{"start":{"line":11,"column":16},"end":{"line":11,"column":27}},"loc":{"start":{"line":11,"column":35},"end":{"line":19,"column":1}},"line":11},"1":{"name":"displayArtworkDetail","decl":{"start":{"line":25,"column":16},"end":{"line":25,"column":36}},"loc":{"start":{"line":25,"column":50},"end":{"line":57,"column":1}},"line":25},"2":{"name":"addToCart","decl":{"start":{"line":66,"column":16},"end":{"line":66,"column":25}},"loc":{"start":{"line":66,"column":62},"end":{"line":87,"column":1}},"line":66},"3":{"name":"initArtworkDetail","decl":{"start":{"line":92,"column":16},"end":{"line":92,"column":33}},"loc":{"start":{"line":92,"column":36},"end":{"line":107,"column":1}},"line":92},"4":{"name":"(anonymous_4)","decl":{"start":{"line":96,"column":43},"end":{"line":96,"column":44}},"loc":{"start":{"line":96,"column":49},"end":{"line":105,"column":5}},"line":96},"5":{"name":"showConfirmationMessage","decl":{"start":{"line":113,"column":16},"end":{"line":113,"column":39}},"loc":{"start":{"line":113,"column":49},"end":{"line":124,"column":1}},"line":113},"6":{"name":"(anonymous_6)","decl":{"start":{"line":120,"column":15},"end":{"line":120,"column":16}},"loc":{"start":{"line":120,"column":21},"end":{"line":122,"column":5}},"line":120}},"branchMap":{"0":{"loc":{"start":{"line":12,"column":2},"end":{"line":14,"column":3}},"type":"if","locations":[{"start":{"line":12,"column":2},"end":{"line":14,"column":3}},{"start":{},"end":{}}],"line":12},"1":{"loc":{"start":{"line":26,"column":2},"end":{"line":29,"column":3}},"type":"if","locations":[{"start":{"line":26,"column":2},"end":{"line":29,"column":3}},{"start":{},"end":{}}],"line":26},"2":{"loc":{"start":{"line":37,"column":2},"end":{"line":39,"column":3}},"type":"if","locations":[{"start":{"line":37,"column":2},"end":{"line":39,"column":3}},{"start":{},"end":{}}],"line":37},"3":{"loc":{"start":{"line":38,"column":31},"end":{"line":38,"column":53}},"type":"binary-expr","locations":[{"start":{"line":38,"column":31},"end":{"line":38,"column":47}},{"start":{"line":38,"column":51},"end":{"line":38,"column":53}}],"line":38},"4":{"loc":{"start":{"line":41,"column":2},"end":{"line":43,"column":3}},"type":"if","locations":[{"start":{"line":41,"column":2},"end":{"line":43,"column":3}},{"start":{},"end":{}}],"line":41},"5":{"loc":{"start":{"line":42,"column":37},"end":{"line":42,"column":66}},"type":"binary-expr","locations":[{"start":{"line":42,"column":37},"end":{"line":42,"column":60}},{"start":{"line":42,"column":64},"end":{"line":42,"column":66}}],"line":42},"6":{"loc":{"start":{"line":45,"column":2},"end":{"line":47,"column":3}},"type":"if","locations":[{"start":{"line":45,"column":2},"end":{"line":47,"column":3}},{"start":{},"end":{}}],"line":45},"7":{"loc":{"start":{"line":49,"column":2},"end":{"line":52,"column":3}},"type":"if","locations":[{"start":{"line":49,"column":2},"end":{"line":52,"column":3}},{"start":{},"end":{}}],"line":49},"8":{"loc":{"start":{"line":50,"column":23},"end":{"line":50,"column":46}},"type":"binary-expr","locations":[{"start":{"line":50,"column":23},"end":{"line":50,"column":40}},{"start":{"line":50,"column":44},"end":{"line":50,"column":46}}],"line":50},"9":{"loc":{"start":{"line":51,"column":23},"end":{"line":51,"column":69}},"type":"binary-expr","locations":[{"start":{"line":51,"column":23},"end":{"line":51,"column":43}},{"start":{"line":51,"column":47},"end":{"line":51,"column":63}},{"start":{"line":51,"column":67},"end":{"line":51,"column":69}}],"line":51},"10":{"loc":{"start":{"line":54,"column":2},"end":{"line":56,"column":3}},"type":"if","locations":[{"start":{"line":54,"column":2},"end":{"line":56,"column":3}},{"start":{},"end":{}}],"line":54},"11":{"loc":{"start":{"line":55,"column":32},"end":{"line":55,"column":69}},"type":"binary-expr","locations":[{"start":{"line":55,"column":32},"end":{"line":55,"column":56}},{"start":{"line":55,"column":60},"end":{"line":55,"column":69}}],"line":55},"12":{"loc":{"start":{"line":66,"column":37},"end":{"line":66,"column":49}},"type":"default-arg","locations":[{"start":{"line":66,"column":48},"end":{"line":66,"column":49}}],"line":66},"13":{"loc":{"start":{"line":66,"column":51},"end":{"line":66,"column":60}},"type":"default-arg","locations":[{"start":{"line":66,"column":59},"end":{"line":66,"column":60}}],"line":66},"14":{"loc":{"start":{"line":68,"column":13},"end":{"line":68,"column":59}},"type":"binary-expr","locations":[{"start":{"line":68,"column":13},"end":{"line":68,"column":53}},{"start":{"line":68,"column":57},"end":{"line":68,"column":59}}],"line":68},"15":{"loc":{"start":{"line":71,"column":2},"end":{"line":81,"column":3}},"type":"if","locations":[{"start":{"line":71,"column":2},"end":{"line":81,"column":3}},{"start":{"line":74,"column":9},"end":{"line":81,"column":3}}],"line":71},"16":{"loc":{"start":{"line":95,"column":2},"end":{"line":106,"column":3}},"type":"if","locations":[{"start":{"line":95,"column":2},"end":{"line":106,"column":3}},{"start":{},"end":{}}],"line":95},"17":{"loc":{"start":{"line":101,"column":6},"end":{"line":104,"column":7}},"type":"if","locations":[{"start":{"line":101,"column":6},"end":{"line":104,"column":7}},{"start":{},"end":{}}],"line":101},"18":{"loc":{"start":{"line":115,"column":2},"end":{"line":123,"column":3}},"type":"if","locations":[{"start":{"line":115,"column":2},"end":{"line":123,"column":3}},{"start":{},"end":{}}],"line":115},"19":{"loc":{"start":{"line":127,"column":0},"end":{"line":131,"column":1}},"type":"if","locations":[{"start":{"line":127,"column":0},"end":{"line":131,"column":1}},{"start":{"line":129,"column":7},"end":{"line":131,"column":1}}],"line":127}},"s":{"0":17,"1":4,"2":13,"3":9,"4":2,"5":2,"6":7,"7":7,"8":7,"9":7,"10":7,"11":7,"12":7,"13":7,"14":6,"15":7,"16":6,"17":7,"18":6,"19":6,"20":7,"21":6,"22":11,"23":11,"24":2,"25":9,"26":11,"27":11,"28":6,"29":6,"30":4,"31":4,"32":4,"33":4,"34":3,"35":3,"36":5,"37":5,"38":4,"39":4,"40":4,"41":1,"42":1,"43":0,"44":1},"f":{"0":17,"1":9,"2":11,"3":6,"4":4,"5":5,"6":1},"b":{"0":[4,13],"1":[2,7],"2":[7,0],"3":[7,1],"4":[6,1],"5":[6,5],"6":[6,1],"7":[6,1],"8":[6,3],"9":[6,4,1],"10":[6,1],"11":[6,5],"12":[0],"13":[0],"14":[11,8],"15":[2,9],"16":[4,2],"17":[3,1],"18":[4,1],"19":[0,1]},"_coverageSchema":"1a1c01bbd47fc00a2c39e90264f33305004495a9","hash":"d3978a3267c56d4d063b4ceb47cab30d53758964"}
,"/app/pointless_impressions_src/theme/static_src/src/js/artwork_list.js": {"path":"/app/pointless_impressions_src/theme/static_src/src/js/artwork_list.js","statementMap":{"0":{"start":{"line":7,"column":22},"end":{"line":7,"column":61}},"1":{"start":{"line":8,"column":4},"end":{"line":8,"column":27}},"2":{"start":{"line":8,"column":20},"end":{"line":8,"column":27}},"3":{"start":{"line":10,"column":20},"end":{"line":10,"column":110}},"4":{"start":{"line":11,"column":21},"end":{"line":11,"column":94}},"5":{"start":{"line":13,"column":20},"end":{"line":13,"column":22}},"6":{"start":{"line":14,"column":4},"end":{"line":87,"column":5}},"7":{"start":{"line":15,"column":8},"end":{"line":27,"column":20}},"8":{"start":{"line":29,"column":8},"end":{"line":86,"column":11}},"9":{"start":{"line":30,"column":28},"end":{"line":30,"column":30}},"10":{"start":{"line":31,"column":29},"end":{"line":31,"column":52}},"11":{"start":{"line":32,"column":29},"end":{"line":32,"column":46}},"12":{"start":{"line":33,"column":28},"end":{"line":33,"column":66}},"13":{"start":{"line":36,"column":12},"end":{"line":48,"column":13}},"14":{"start":{"line":37,"column":16},"end":{"line":37,"column":151}},"15":{"start":{"line":40,"column":17},"end":{"line":48,"column":13}},"16":{"start":{"line":41,"column":40},"end":{"line":41,"column":74}},"17":{"start":{"line":42,"column":38},"end":{"line":42,"column":81}},"18":{"start":{"line":43,"column":16},"end":{"line":43,"column":156}},"19":{"start":{"line":47,"column":16},"end":{"line":47,"column":156}},"20":{"start":{"line":51,"column":28},"end":{"line":51,"column":31}},"21":{"start":{"line":52,"column":29},"end":{"line":52,"column":45}},"22":{"start":{"line":53,"column":12},"end":{"line":57,"column":13}},"23":{"start":{"line":54,"column":32},"end":{"line":54,"column":105}},"24":{"start":{"line":55,"column":16},"end":{"line":55,"column":75}},"25":{"start":{"line":56,"column":16},"end":{"line":56,"column":53}},"26":{"start":{"line":58,"column":31},"end":{"line":62,"column":20}},"27":{"start":{"line":63,"column":30},"end":{"line":63,"column":109}},"28":{"start":{"line":65,"column":29},"end":{"line":84,"column":23}},"29":{"start":{"line":85,"column":12},"end":{"line":85,"column":159}},"30":{"start":{"line":88,"column":4},"end":{"line":88,"column":36}},"31":{"start":{"line":93,"column":4},"end":{"line":93,"column":65}},"32":{"start":{"line":93,"column":32},"end":{"line":93,"column":63}},"33":{"start":{"line":98,"column":4},"end":{"line":98,"column":59}},"34":{"start":{"line":98,"column":40},"end":{"line":98,"column":57}},"35":{"start":{"line":103,"column":4},"end":{"line":103,"column":59}},"36":{"start":{"line":103,"column":40},"end":{"line":103,"column":57}},"37":{"start":{"line":108,"column":4},"end":{"line":108,"column":70}},"38":{"start":{"line":108,"column":40},"end":{"line":108,"column":68}},"39":{"start":{"line":113,"column":4},"end":{"line":117,"column":7}},"40":{"start":{"line":114,"column":22},"end":{"line":114,"column":50}},"41":{"start":{"line":115,"column":22},"end":{"line":115,"column":50}},"42":{"start":{"line":116,"column":8},"end":{"line":116,"column":42}},"43":{"start":{"line":122,"column":24},"end":{"line":122,"column":26}},"44":{"start":{"line":123,"column":21},"end":{"line":123,"column":28}},"45":{"start":{"line":124,"column":27},"end":{"line":124,"column":32}},"46":{"start":{"line":125,"column":17},"end":{"line":125,"column":22}},"47":{"start":{"line":128,"column":22},"end":{"line":128,"column":61}},"48":{"start":{"line":129,"column":4},"end":{"line":129,"column":27}},"49":{"start":{"line":129,"column":20},"end":{"line":129,"column":27}},"50":{"start":{"line":131,"column":4},"end":{"line":135,"column":5}},"51":{"start":{"line":132,"column":8},"end":{"line":132,"column":69}},"52":{"start":{"line":134,"column":8},"end":{"line":134,"column":72}},"53":{"start":{"line":142,"column":21},"end":{"line":142,"column":43}},"54":{"start":{"line":144,"column":4},"end":{"line":158,"column":5}},"55":{"start":{"line":146,"column":12},"end":{"line":148,"column":53}},"56":{"start":{"line":149,"column":12},"end":{"line":149,"column":18}},"57":{"start":{"line":151,"column":12},"end":{"line":151,"column":56}},"58":{"start":{"line":152,"column":12},"end":{"line":152,"column":18}},"59":{"start":{"line":154,"column":12},"end":{"line":154,"column":58}},"60":{"start":{"line":155,"column":12},"end":{"line":155,"column":18}},"61":{"start":{"line":157,"column":12},"end":{"line":157,"column":60}},"62":{"start":{"line":160,"column":4},"end":{"line":160,"column":34}},"63":{"start":{"line":167,"column":4},"end":{"line":175,"column":7}},"64":{"start":{"line":168,"column":20},"end":{"line":168,"column":53}},"65":{"start":{"line":169,"column":26},"end":{"line":169,"column":65}},"66":{"start":{"line":170,"column":8},"end":{"line":174,"column":9}},"67":{"start":{"line":171,"column":12},"end":{"line":171,"column":44}},"68":{"start":{"line":173,"column":12},"end":{"line":173,"column":47}},"69":{"start":{"line":182,"column":19},"end":{"line":182,"column":56}},"70":{"start":{"line":183,"column":4},"end":{"line":183,"column":58}},"71":{"start":{"line":183,"column":51},"end":{"line":183,"column":58}},"72":{"start":{"line":185,"column":4},"end":{"line":187,"column":5}},"73":{"start":{"line":186,"column":8},"end":{"line":186,"column":15}},"74":{"start":{"line":189,"column":4},"end":{"line":189,"column":27}},"75":{"start":{"line":191,"column":16},"end":{"line":191,"column":38}},"76":{"start":{"line":192,"column":22},"end":{"line":192,"column":50}},"77":{"start":{"line":194,"column":4},"end":{"line":194,"column":25}},"78":{"start":{"line":195,"column":4},"end":{"line":195,"column":37}},"79":{"start":{"line":197,"column":4},"end":{"line":197,"column":29}},"80":{"start":{"line":198,"column":4},"end":{"line":198,"column":26}},"81":{"start":{"line":200,"column":16},"end":{"line":200,"column":40}},"82":{"start":{"line":201,"column":4},"end":{"line":201,"column":38}},"83":{"start":{"line":202,"column":4},"end":{"line":202,"column":49}},"84":{"start":{"line":203,"column":4},"end":{"line":203,"column":42}},"85":{"start":{"line":210,"column":19},"end":{"line":210,"column":62}},"86":{"start":{"line":211,"column":4},"end":{"line":211,"column":51}},"87":{"start":{"line":212,"column":4},"end":{"line":212,"column":60}},"88":{"start":{"line":214,"column":4},"end":{"line":214,"column":29}},"89":{"start":{"line":221,"column":4},"end":{"line":221,"column":26}},"90":{"start":{"line":223,"column":4},"end":{"line":223,"column":29}},"91":{"start":{"line":227,"column":4},"end":{"line":239,"column":5}},"92":{"start":{"line":228,"column":8},"end":{"line":228,"column":54}},"93":{"start":{"line":229,"column":8},"end":{"line":229,"column":26}},"94":{"start":{"line":233,"column":23},"end":{"line":233,"column":66}},"95":{"start":{"line":234,"column":33},"end":{"line":234,"column":78}},"96":{"start":{"line":236,"column":8},"end":{"line":238,"column":9}},"97":{"start":{"line":237,"column":12},"end":{"line":237,"column":34}},"98":{"start":{"line":241,"column":30},"end":{"line":241,"column":65}},"99":{"start":{"line":242,"column":4},"end":{"line":244,"column":5}},"100":{"start":{"line":243,"column":8},"end":{"line":243,"column":69}},"101":{"start":{"line":252,"column":26},"end":{"line":252,"column":62}},"102":{"start":{"line":253,"column":26},"end":{"line":253,"column":62}},"103":{"start":{"line":254,"column":24},"end":{"line":254,"column":64}},"104":{"start":{"line":255,"column":17},"end":{"line":255,"column":45}},"105":{"start":{"line":257,"column":4},"end":{"line":257,"column":74}},"106":{"start":{"line":257,"column":67},"end":{"line":257,"column":74}},"107":{"start":{"line":260,"column":25},"end":{"line":260,"column":61}},"108":{"start":{"line":261,"column":25},"end":{"line":261,"column":61}},"109":{"start":{"line":264,"column":8},"end":{"line":272,"column":9}},"110":{"start":{"line":265,"column":12},"end":{"line":265,"column":40}},"111":{"start":{"line":266,"column":12},"end":{"line":266,"column":77}},"112":{"start":{"line":267,"column":12},"end":{"line":267,"column":54}},"113":{"start":{"line":269,"column":12},"end":{"line":269,"column":41}},"114":{"start":{"line":270,"column":12},"end":{"line":270,"column":35}},"115":{"start":{"line":271,"column":12},"end":{"line":271,"column":57}},"116":{"start":{"line":276,"column":4},"end":{"line":276,"column":61}},"117":{"start":{"line":277,"column":4},"end":{"line":277,"column":60}},"118":{"start":{"line":278,"column":4},"end":{"line":278,"column":61}},"119":{"start":{"line":279,"column":4},"end":{"line":279,"column":60}},"120":{"start":{"line":282,"column":4},"end":{"line":290,"column":7}},"121":{"start":{"line":283,"column":25},"end":{"line":283,"column":61}},"122":{"start":{"line":284,"column":25},"end":{"line":284,"column":61}},"123":{"start":{"line":286,"column":8},"end":{"line":289,"column":9}},"124":{"start":{"line":287,"column":12},"end":{"line":287,"column":31}},"125":{"start":{"line":288,"column":12},"end":{"line":288,"column":64}},"126":{"start":{"line":293,"column":4},"end":{"line":293,"column":21}},"127":{"start":{"line":296,"column":0},"end":{"line":299,"column":3}},"128":{"start":{"line":297,"column":4},"end":{"line":297,"column":34}},"129":{"start":{"line":298,"column":4},"end":{"line":298,"column":32}}},"fnMap":{"0":{"name":"renderArtworkList","decl":{"start":{"line":6,"column":16},"end":{"line":6,"column":33}},"loc":{"start":{"line":6,"column":44},"end":{"line":89,"column":1}},"line":6},"1":{"name":"(anonymous_1)","decl":{"start":{"line":29,"column":25},"end":{"line":29,"column":26}},"loc":{"start":{"line":29,"column":36},"end":{"line":86,"column":9}},"line":29},"2":{"name":"filterAvailableArtworks","decl":{"start":{"line":92,"column":16},"end":{"line":92,"column":39}},"loc":{"start":{"line":92,"column":50},"end":{"line":94,"column":1}},"line":92},"3":{"name":"(anonymous_3)","decl":{"start":{"line":93,"column":27},"end":{"line":93,"column":28}},"loc":{"start":{"line":93,"column":32},"end":{"line":93,"column":63}},"line":93},"4":{"name":"sortArtworksByPriceAsc","decl":{"start":{"line":97,"column":16},"end":{"line":97,"column":38}},"loc":{"start":{"line":97,"column":49},"end":{"line":99,"column":1}},"line":97},"5":{"name":"(anonymous_5)","decl":{"start":{"line":98,"column":30},"end":{"line":98,"column":31}},"loc":{"start":{"line":98,"column":40},"end":{"line":98,"column":57}},"line":98},"6":{"name":"sortArtworksByPriceDesc","decl":{"start":{"line":102,"column":16},"end":{"line":102,"column":39}},"loc":{"start":{"line":102,"column":50},"end":{"line":104,"column":1}},"line":102},"7":{"name":"(anonymous_7)","decl":{"start":{"line":103,"column":30},"end":{"line":103,"column":31}},"loc":{"start":{"line":103,"column":40},"end":{"line":103,"column":57}},"line":103},"8":{"name":"sortArtworksByName","decl":{"start":{"line":107,"column":16},"end":{"line":107,"column":34}},"loc":{"start":{"line":107,"column":45},"end":{"line":109,"column":1}},"line":107},"9":{"name":"(anonymous_9)","decl":{"start":{"line":108,"column":30},"end":{"line":108,"column":31}},"loc":{"start":{"line":108,"column":40},"end":{"line":108,"column":68}},"line":108},"10":{"name":"sortArtworksByArtist","decl":{"start":{"line":112,"column":16},"end":{"line":112,"column":36}},"loc":{"start":{"line":112,"column":47},"end":{"line":118,"column":1}},"line":112},"11":{"name":"(anonymous_11)","decl":{"start":{"line":113,"column":30},"end":{"line":113,"column":31}},"loc":{"start":{"line":113,"column":40},"end":{"line":117,"column":5}},"line":113},"12":{"name":"toggleLoadingState","decl":{"start":{"line":127,"column":9},"end":{"line":127,"column":27}},"loc":{"start":{"line":127,"column":39},"end":{"line":136,"column":1}},"line":127},"13":{"name":"applyStateAndRender","decl":{"start":{"line":141,"column":9},"end":{"line":141,"column":28}},"loc":{"start":{"line":141,"column":31},"end":{"line":161,"column":1}},"line":141},"14":{"name":"updateSortButtonStates","decl":{"start":{"line":166,"column":9},"end":{"line":166,"column":31}},"loc":{"start":{"line":166,"column":34},"end":{"line":176,"column":1}},"line":166},"15":{"name":"(anonymous_15)","decl":{"start":{"line":167,"column":73},"end":{"line":167,"column":74}},"loc":{"start":{"line":167,"column":80},"end":{"line":175,"column":5}},"line":167},"16":{"name":"handleSortClick","decl":{"start":{"line":181,"column":9},"end":{"line":181,"column":24}},"loc":{"start":{"line":181,"column":32},"end":{"line":204,"column":1}},"line":181},"17":{"name":"initializeSortState","decl":{"start":{"line":209,"column":9},"end":{"line":209,"column":28}},"loc":{"start":{"line":209,"column":31},"end":{"line":215,"column":1}},"line":209},"18":{"name":"initArtworkListEnhancements","decl":{"start":{"line":220,"column":9},"end":{"line":220,"column":36}},"loc":{"start":{"line":220,"column":39},"end":{"line":245,"column":1}},"line":220},"19":{"name":"initPriceFilterValidation","decl":{"start":{"line":251,"column":9},"end":{"line":251,"column":34}},"loc":{"start":{"line":251,"column":37},"end":{"line":294,"column":1}},"line":251},"20":{"name":"validatePrices","decl":{"start":{"line":259,"column":13},"end":{"line":259,"column":27}},"loc":{"start":{"line":259,"column":30},"end":{"line":273,"column":5}},"line":259},"21":{"name":"(anonymous_21)","decl":{"start":{"line":282,"column":36},"end":{"line":282,"column":37}},"loc":{"start":{"line":282,"column":48},"end":{"line":290,"column":5}},"line":282},"22":{"name":"(anonymous_22)","decl":{"start":{"line":296,"column":46},"end":{"line":296,"column":47}},"loc":{"start":{"line":296,"column":57},"end":{"line":299,"column":1}},"line":296}},"branchMap":{"0":{"loc":{"start":{"line":8,"column":4},"end":{"line":8,"column":27}},"type":"if","locations":[{"start":{"line":8,"column":4},"end":{"line":8,"column":27}},{"start":{},"end":{}}],"line":8},"1":{"loc":{"start":{"line":10,"column":20},"end":{"line":10,"column":110}},"type":"binary-expr","locations":[{"start":{"line":10,"column":20},"end":{"line":10,"column":59}},{"start":{"line":10,"column":63},"end":{"line":10,"column":110}}],"line":10},"2":{"loc":{"start":{"line":11,"column":21},"end":{"line":11,"column":94}},"type":"cond-expr","locations":[{"start":{"line":11,"column":63},"end":{"line":11,"column":79}},{"start":{"line":11,"column":82},"end":{"line":11,"column":94}}],"line":11},"3":{"loc":{"start":{"line":14,"column":4},"end":{"line":87,"column":5}},"type":"if","locations":[{"start":{"line":14,"column":4},"end":{"line":87,"column":5}},{"start":{"line":28,"column":11},"end":{"line":87,"column":5}}],"line":14},"4":{"loc":{"start":{"line":33,"column":28},"end":{"line":33,"column":66}},"type":"binary-expr","locations":[{"start":{"line":33,"column":28},"end":{"line":33,"column":50}},{"start":{"line":33,"column":54},"end":{"line":33,"column":66}}],"line":33},"5":{"loc":{"start":{"line":36,"column":12},"end":{"line":48,"column":13}},"type":"if","locations":[{"start":{"line":36,"column":12},"end":{"line":48,"column":13}},{"start":{"line":40,"column":17},"end":{"line":48,"column":13}}],"line":36},"6":{"loc":{"start":{"line":36,"column":16},"end":{"line":36,"column":69}},"type":"binary-expr","locations":[{"start":{"line":36,"column":16},"end":{"line":36,"column":24}},{"start":{"line":36,"column":28},"end":{"line":36,"column":43}},{"start":{"line":36,"column":47},"end":{"line":36,"column":69}}],"line":36},"7":{"loc":{"start":{"line":40,"column":17},"end":{"line":48,"column":13}},"type":"if","locations":[{"start":{"line":40,"column":17},"end":{"line":48,"column":13}},{"start":{"line":46,"column":17},"end":{"line":48,"column":13}}],"line":40},"8":{"loc":{"start":{"line":40,"column":21},"end":{"line":40,"column":83}},"type":"binary-expr","locations":[{"start":{"line":40,"column":21},"end":{"line":40,"column":29}},{"start":{"line":40,"column":33},"end":{"line":40,"column":40}},{"start":{"line":40,"column":44},"end":{"line":40,"column":83}}],"line":40},"9":{"loc":{"start":{"line":53,"column":12},"end":{"line":57,"column":13}},"type":"if","locations":[{"start":{"line":53,"column":12},"end":{"line":57,"column":13}},{"start":{},"end":{}}],"line":53},"10":{"loc":{"start":{"line":53,"column":16},"end":{"line":53,"column":57}},"type":"binary-expr","locations":[{"start":{"line":53,"column":16},"end":{"line":53,"column":30}},{"start":{"line":53,"column":34},"end":{"line":53,"column":57}}],"line":53},"11":{"loc":{"start":{"line":54,"column":32},"end":{"line":54,"column":105}},"type":"cond-expr","locations":[{"start":{"line":54,"column":74},"end":{"line":54,"column":90}},{"start":{"line":54,"column":93},"end":{"line":54,"column":105}}],"line":54},"12":{"loc":{"start":{"line":58,"column":31},"end":{"line":62,"column":20}},"type":"cond-expr","locations":[{"start":{"line":59,"column":27},"end":{"line":61,"column":33}},{"start":{"line":62,"column":18},"end":{"line":62,"column":20}}],"line":58},"13":{"loc":{"start":{"line":58,"column":31},"end":{"line":58,"column":72}},"type":"binary-expr","locations":[{"start":{"line":58,"column":31},"end":{"line":58,"column":45}},{"start":{"line":58,"column":49},"end":{"line":58,"column":72}}],"line":58},"14":{"loc":{"start":{"line":63,"column":30},"end":{"line":63,"column":109}},"type":"cond-expr","locations":[{"start":{"line":63,"column":58},"end":{"line":63,"column":103}},{"start":{"line":63,"column":106},"end":{"line":63,"column":109}}],"line":63},"15":{"loc":{"start":{"line":63,"column":31},"end":{"line":63,"column":54}},"type":"binary-expr","locations":[{"start":{"line":63,"column":31},"end":{"line":63,"column":38}},{"start":{"line":63,"column":42},"end":{"line":63,"column":54}}],"line":63},"16":{"loc":{"start":{"line":74,"column":26},"end":{"line":82,"column":25}},"type":"cond-expr","locations":[{"start":{"line":74,"column":48},"end":{"line":79,"column":25}},{"start":{"line":79,"column":28},"end":{"line":82,"column":25}}],"line":74},"17":{"loc":{"start":{"line":93,"column":32},"end":{"line":93,"column":63}},"type":"binary-expr","locations":[{"start":{"line":93,"column":32},"end":{"line":93,"column":46}},{"start":{"line":93,"column":50},"end":{"line":93,"column":63}}],"line":93},"18":{"loc":{"start":{"line":114,"column":22},"end":{"line":114,"column":50}},"type":"binary-expr","locations":[{"start":{"line":114,"column":22},"end":{"line":114,"column":40}},{"start":{"line":114,"column":44},"end":{"line":114,"column":50}}],"line":114},"19":{"loc":{"start":{"line":115,"column":22},"end":{"line":115,"column":50}},"type":"binary-expr","locations":[{"start":{"line":115,"column":22},"end":{"line":115,"column":40}},{"start":{"line":115,"column":44},"end":{"line":115,"column":50}}],"line":115},"20":{"loc":{"start":{"line":129,"column":4},"end":{"line":129,"column":27}},"type":"if","locations":[{"start":{"line":129,"column":4},"end":{"line":129,"column":27}},{"start":{},"end":{}}],"line":129},"21":{"loc":{"start":{"line":131,"column":4},"end":{"line":135,"column":5}},"type":"if","locations":[{"start":{"line":131,"column":4},"end":{"line":135,"column":5}},{"start":{"line":133,"column":11},"end":{"line":135,"column":5}}],"line":131},"22":{"loc":{"start":{"line":144,"column":4},"end":{"line":158,"column":5}},"type":"switch","locations":[{"start":{"line":145,"column":8},"end":{"line":149,"column":18}},{"start":{"line":150,"column":8},"end":{"line":152,"column":18}},{"start":{"line":153,"column":8},"end":{"line":155,"column":18}},{"start":{"line":156,"column":8},"end":{"line":157,"column":60}}],"line":144},"23":{"loc":{"start":{"line":146,"column":25},"end":{"line":148,"column":52}},"type":"cond-expr","locations":[{"start":{"line":147,"column":18},"end":{"line":147,"column":53}},{"start":{"line":148,"column":18},"end":{"line":148,"column":52}}],"line":146},"24":{"loc":{"start":{"line":170,"column":8},"end":{"line":174,"column":9}},"type":"if","locations":[{"start":{"line":170,"column":8},"end":{"line":174,"column":9}},{"start":{"line":172,"column":15},"end":{"line":174,"column":9}}],"line":170},"25":{"loc":{"start":{"line":170,"column":12},"end":{"line":170,"column":104}},"type":"binary-expr","locations":[{"start":{"line":170,"column":12},"end":{"line":170,"column":50}},{"start":{"line":170,"column":54},"end":{"line":170,"column":104}}],"line":170},"26":{"loc":{"start":{"line":183,"column":4},"end":{"line":183,"column":58}},"type":"if","locations":[{"start":{"line":183,"column":4},"end":{"line":183,"column":58}},{"start":{},"end":{}}],"line":183},"27":{"loc":{"start":{"line":183,"column":8},"end":{"line":183,"column":49}},"type":"binary-expr","locations":[{"start":{"line":183,"column":8},"end":{"line":183,"column":15}},{"start":{"line":183,"column":19},"end":{"line":183,"column":49}}],"line":183},"28":{"loc":{"start":{"line":185,"column":4},"end":{"line":187,"column":5}},"type":"if","locations":[{"start":{"line":185,"column":4},"end":{"line":187,"column":5}},{"start":{},"end":{}}],"line":185},"29":{"loc":{"start":{"line":185,"column":8},"end":{"line":185,"column":53}},"type":"binary-expr","locations":[{"start":{"line":185,"column":8},"end":{"line":185,"column":19}},{"start":{"line":185,"column":23},"end":{"line":185,"column":53}}],"line":185},"30":{"loc":{"start":{"line":211,"column":21},"end":{"line":211,"column":50}},"type":"binary-expr","locations":[{"start":{"line":211,"column":21},"end":{"line":211,"column":39}},{"start":{"line":211,"column":43},"end":{"line":211,"column":50}}],"line":211},"31":{"loc":{"start":{"line":212,"column":27},"end":{"line":212,"column":59}},"type":"binary-expr","locations":[{"start":{"line":212,"column":27},"end":{"line":212,"column":50}},{"start":{"line":212,"column":54},"end":{"line":212,"column":59}}],"line":212},"32":{"loc":{"start":{"line":227,"column":4},"end":{"line":239,"column":5}},"type":"if","locations":[{"start":{"line":227,"column":4},"end":{"line":239,"column":5}},{"start":{},"end":{}}],"line":227},"33":{"loc":{"start":{"line":227,"column":8},"end":{"line":227,"column":96}},"type":"binary-expr","locations":[{"start":{"line":227,"column":8},"end":{"line":227,"column":56}},{"start":{"line":227,"column":60},"end":{"line":227,"column":96}}],"line":227},"34":{"loc":{"start":{"line":234,"column":33},"end":{"line":234,"column":78}},"type":"binary-expr","locations":[{"start":{"line":234,"column":33},"end":{"line":234,"column":51}},{"start":{"line":234,"column":55},"end":{"line":234,"column":78}}],"line":234},"35":{"loc":{"start":{"line":236,"column":8},"end":{"line":238,"column":9}},"type":"if","locations":[{"start":{"line":236,"column":8},"end":{"line":238,"column":9}},{"start":{},"end":{}}],"line":236},"36":{"loc":{"start":{"line":242,"column":4},"end":{"line":244,"column":5}},"type":"if","locations":[{"start":{"line":242,"column":4},"end":{"line":244,"column":5}},{"start":{},"end":{}}],"line":242},"37":{"loc":{"start":{"line":257,"column":4},"end":{"line":257,"column":74}},"type":"if","locations":[{"start":{"line":257,"column":4},"end":{"line":257,"column":74}},{"start":{},"end":{}}],"line":257},"38":{"loc":{"start":{"line":257,"column":8},"end":{"line":257,"column":65}},"type":"binary-expr","locations":[{"start":{"line":257,"column":8},"end":{"line":257,"column":22}},{"start":{"line":257,"column":26},"end":{"line":257,"column":40}},{"start":{"line":257,"column":44},"end":{"line":257,"column":56}},{"start":{"line":257,"column":60},"end":{"line":257,"column":65}}],"line":257},"39":{"loc":{"start":{"line":260,"column":25},"end":{"line":260,"column":61}},"type":"binary-expr","locations":[{"start":{"line":260,"column":25},"end":{"line":260,"column":56}},{"start":{"line":260,"column":60},"end":{"line":260,"column":61}}],"line":260},"40":{"loc":{"start":{"line":261,"column":25},"end":{"line":261,"column":61}},"type":"binary-expr","locations":[{"start":{"line":261,"column":25},"end":{"line":261,"column":56}},{"start":{"line":261,"column":60},"end":{"line":261,"column":61}}],"line":261},"41":{"loc":{"start":{"line":264,"column":8},"end":{"line":272,"column":9}},"type":"if","locations":[{"start":{"line":264,"column":8},"end":{"line":272,"column":9}},{"start":{"line":268,"column":15},"end":{"line":272,"column":9}}],"line":264},"42":{"loc":{"start":{"line":264,"column":12},"end":{"line":264,"column":77}},"type":"binary-expr","locations":[{"start":{"line":264,"column":12},"end":{"line":264,"column":31}},{"start":{"line":264,"column":35},"end":{"line":264,"column":54}},{"start":{"line":264,"column":58},"end":{"line":264,"column":77}}],"line":264},"43":{"loc":{"start":{"line":283,"column":25},"end":{"line":283,"column":61}},"type":"binary-expr","locations":[{"start":{"line":283,"column":25},"end":{"line":283,"column":56}},{"start":{"line":283,"column":60},"end":{"line":283,"column":61}}],"line":283},"44":{"loc":{"start":{"line":284,"column":25},"end":{"line":284,"column":61}},"type":"binary-expr","locations":[{"start":{"line":284,"column":25},"end":{"line":284,"column":56}},{"start":{"line":284,"column":60},"end":{"line":284,"column":61}}],"line":284},"45":{"loc":{"start":{"line":286,"column":8},"end":{"line":289,"column":9}},"type":"if","locations":[{"start":{"line":286,"column":8},"end":{"line":289,"column":9}},{"start":{},"end":{}}],"line":286},"46":{"loc":{"start":{"line":286,"column":12},"end":{"line":286,"column":77}},"type":"binary-expr","locations":[{"start":{"line":286,"column":12},"end":{"line":286,"column":31}},{"start":{"line":286,"column":35},"end":{"line":286,"column":54}},{"start":{"line":286,"column":58},"end":{"line":286,"column":77}}],"line":286}},"s":{"0":2,"1":2,"2":0,"3":2,"4":2,"5":2,"6":2,"7":0,"8":2,"9":4,"10":4,"11":4,"12":4,"13":4,"14":0,"15":4,"16":0,"17":0,"18":0,"19":4,"20":4,"21":4,"22":4,"23":4,"24":4,"25":4,"26":4,"27":4,"28":4,"29":4,"30":2,"31":1,"32":2,"33":1,"34":1,"35":1,"36":1,"37":1,"38":1,"39":1,"40":1,"41":1,"42":1,"43":1,"44":1,"45":1,"46":1,"47":0,"48":0,"49":0,"50":0,"51":0,"52":0,"53":0,"54":0,"55":0,"56":0,"57":0,"58":0,"59":0,"60":0,"61":0,"62":0,"63":0,"64":0,"65":0,"66":0,"67":0,"68":0,"69":0,"70":0,"71":0,"72":0,"73":0,"74":0,"75":0,"76":0,"77":0,"78":0,"79":0,"80":0,"81":0,"82":0,"83":0,"84":0,"85":0,"86":0,"87":0,"88":0,"89":0,"90":0,"91":0,"92":0,"93":0,"94":0,"95":0,"96":0,"97":0,"98":0,"99":0,"100":0,"101":0,"102":0,"103":0,"104":0,"105":0,"106":0,"107":0,"108":0,"109":0,"110":0,"111":0,"112":0,"113":0,"114":0,"115":0,"116":0,"117":0,"118":0,"119":0,"120":0,"121":0,"122":0,"123":0,"124":0,"125":0,"126":0,"127":1,"128":0,"129":0},"f":{"0":2,"1":4,"2":1,"3":2,"4":1,"5":1,"6":1,"7":1,"8":1,"9":1,"10":1,"11":1,"12":0,"13":0,"14":0,"15":0,"16":0,"17":0,"18":0,"19":0,"20":0,"21":0,"22":0},"b":{"0":[0,2],"1":[2,0],"2":[0,2],"3":[0,2],"4":[4,4],"5":[0,4],"6":[4,0,0],"7":[0,4],"8":[4,0,0],"9":[4,0],"10":[4,4],"11":[0,4],"12":[4,0],"13":[4,4],"14":[0,4],"15":[4,0],"16":[2,2],"17":[2,1],"18":[1,0],"19":[1,0],"20":[0,0],"21":[0,0],"22":[0,0,0,0],"23":[0,0],"24":[0,0],"25":[0,0],"26":[0,0],"27":[0,0],"28":[0,0],"29":[0,0],"30":[0,0],"31":[0,0],"32":[0,0],"33":[0,0],"34":[0,0],"35":[0,0],"36":[0,0],"37":[0,0],"38":[0,0,0,0],"39":[0,0],"40":[0,0],"41":[0,0],"42":[0,0,0],"43":[0,0],"44":[0,0],"45":[0,0],"46":[0,0,0]},"_coverageSchema":"1a1c01bbd47fc00a2c39e90264f33305004495a9","hash":"924db04fe9366b2f670a71258f50b2cb6d531e3d"}
}
