TN:
SF:pointless_impressions_src/theme/static_src/src/js/artwork_detail.js
FN:11,formatPrice
FN:25,displayArtworkDetail
FN:66,addToCart
FN:92,initArtworkDetail
FN:96,(anonymous_4)
FN:113,showConfirmationMessage
FN:120,(anonymous_6)
FNF:7
FNH:7
FNDA:17,formatPrice
FNDA:9,displayArtworkDetail
FNDA:11,addToCart
FNDA:6,initArtworkDetail
FNDA:4,(anonymous_4)
FNDA:5,showConfirmationMessage
FNDA:1,(anonymous_6)
DA:12,17
DA:13,4
DA:15,13
DA:26,9
DA:27,2
DA:28,2
DA:31,7
DA:32,7
DA:33,7
DA:34,7
DA:35,7
DA:37,7
DA:38,7
DA:41,7
DA:42,6
DA:45,7
DA:46,6
DA:49,7
DA:50,6
DA:51,6
DA:54,7
DA:55,6
DA:68,11
DA:71,11
DA:73,2
DA:76,9
DA:84,11
DA:86,11
DA:94,6
DA:95,6
DA:96,4
DA:98,4
DA:99,4
DA:101,4
DA:102,3
DA:103,3
DA:114,5
DA:115,5
DA:116,4
DA:117,4
DA:120,4
DA:121,1
DA:127,1
DA:128,0
DA:130,1
LF:45
LH:44
BRDA:12,0,0,4
BRDA:12,0,1,13
BRDA:26,1,0,2
BRDA:26,1,1,7
BRDA:37,2,0,7
BRDA:37,2,1,0
BRDA:38,3,0,7
BRDA:38,3,1,1
BRDA:41,4,0,6
BRDA:41,4,1,1
BRDA:42,5,0,6
BRDA:42,5,1,5
BRDA:45,6,0,6
BRDA:45,6,1,1
BRDA:49,7,0,6
BRDA:49,7,1,1
BRDA:50,8,0,6
BRDA:50,8,1,3
BRDA:51,9,0,6
BRDA:51,9,1,4
BRDA:51,9,2,1
BRDA:54,10,0,6
BRDA:54,10,1,1
BRDA:55,11,0,6
BRDA:55,11,1,5
BRDA:66,12,0,0
BRDA:66,13,0,0
BRDA:68,14,0,11
BRDA:68,14,1,8
BRDA:71,15,0,2
BRDA:71,15,1,9
BRDA:95,16,0,4
BRDA:95,16,1,2
BRDA:101,17,0,3
BRDA:101,17,1,1
BRDA:115,18,0,4
BRDA:115,18,1,1
BRDA:127,19,0,0
BRDA:127,19,1,1
BRF:39
BRH:35
end_of_record
TN:
SF:pointless_impressions_src/theme/static_src/src/js/artwork_list.js
FN:6,renderArtworkList
FN:29,(anonymous_1)
FN:92,filterAvailableArtworks
FN:93,(anonymous_3)
FN:97,sortArtworksByPriceAsc
FN:98,(anonymous_5)
FN:102,sortArtworksByPriceDesc
FN:103,(anonymous_7)
FN:107,sortArtworksByName
FN:108,(anonymous_9)
FN:112,sortArtworksByArtist
FN:113,(anonymous_11)
FN:127,toggleLoadingState
FN:141,applyStateAndRender
FN:166,updateSortButtonStates
FN:167,(anonymous_15)
FN:181,handleSortClick
FN:209,initializeSortState
FN:220,initArtworkListEnhancements
FN:251,initPriceFilterValidation
FN:259,validatePrices
FN:282,(anonymous_21)
FN:296,(anonymous_22)
FNF:23
FNH:12
FNDA:2,renderArtworkList
FNDA:4,(anonymous_1)
FNDA:1,filterAvailableArtworks
FNDA:2,(anonymous_3)
FNDA:1,sortArtworksByPriceAsc
FNDA:1,(anonymous_5)
FNDA:1,sortArtworksByPriceDesc
FNDA:1,(anonymous_7)
FNDA:1,sortArtworksByName
FNDA:1,(anonymous_9)
FNDA:1,sortArtworksByArtist
FNDA:1,(anonymous_11)
FNDA:0,toggleLoadingState
FNDA:0,applyStateAndRender
FNDA:0,updateSortButtonStates
FNDA:0,(anonymous_15)
FNDA:0,handleSortClick
FNDA:0,initializeSortState
FNDA:0,initArtworkListEnhancements
FNDA:0,initPriceFilterValidation
FNDA:0,validatePrices
FNDA:0,(anonymous_21)
FNDA:0,(anonymous_22)
DA:7,2
DA:8,2
DA:10,2
DA:11,2
DA:13,2
DA:14,2
DA:15,0
DA:29,2
DA:30,4
DA:31,4
DA:32,4
DA:33,4
DA:36,4
DA:37,0
DA:40,4
DA:41,0
DA:42,0
DA:43,0
DA:47,4
DA:51,4
DA:52,4
DA:53,4
DA:54,4
DA:55,4
DA:56,4
DA:58,4
DA:63,4
DA:65,4
DA:85,4
DA:88,2
DA:93,2
DA:98,1
DA:103,1
DA:108,1
DA:113,1
DA:114,1
DA:115,1
DA:116,1
DA:122,1
DA:123,1
DA:124,1
DA:125,1
DA:128,0
DA:129,0
DA:131,0
DA:132,0
DA:134,0
DA:142,0
DA:144,0
DA:146,0
DA:149,0
DA:151,0
DA:152,0
DA:154,0
DA:155,0
DA:157,0
DA:160,0
DA:167,0
DA:168,0
DA:169,0
DA:170,0
DA:171,0
DA:173,0
DA:182,0
DA:183,0
DA:185,0
DA:186,0
DA:189,0
DA:191,0
DA:192,0
DA:194,0
DA:195,0
DA:197,0
DA:198,0
DA:200,0
DA:201,0
DA:202,0
DA:203,0
DA:210,0
DA:211,0
DA:212,0
DA:214,0
DA:221,0
DA:223,0
DA:227,0
DA:228,0
DA:229,0
DA:233,0
DA:234,0
DA:236,0
DA:237,0
DA:241,0
DA:242,0
DA:243,0
DA:252,0
DA:253,0
DA:254,0
DA:255,0
DA:257,0
DA:260,0
DA:261,0
DA:264,0
DA:265,0
DA:266,0
DA:267,0
DA:269,0
DA:270,0
DA:271,0
DA:276,0
DA:277,0
DA:278,0
DA:279,0
DA:282,0
DA:283,0
DA:284,0
DA:286,0
DA:287,0
DA:288,0
DA:293,0
DA:296,1
DA:297,0
DA:298,0
LF:122
LH:38
BRDA:8,0,0,0
BRDA:8,0,1,2
BRDA:10,1,0,2
BRDA:10,1,1,0
BRDA:11,2,0,0
BRDA:11,2,1,2
BRDA:14,3,0,0
BRDA:14,3,1,2
BRDA:33,4,0,4
BRDA:33,4,1,4
BRDA:36,5,0,0
BRDA:36,5,1,4
BRDA:36,6,0,4
BRDA:36,6,1,0
BRDA:36,6,2,0
BRDA:40,7,0,0
BRDA:40,7,1,4
BRDA:40,8,0,4
BRDA:40,8,1,0
BRDA:40,8,2,0
BRDA:53,9,0,4
BRDA:53,9,1,0
BRDA:53,10,0,4
BRDA:53,10,1,4
BRDA:54,11,0,0
BRDA:54,11,1,4
BRDA:58,12,0,4
BRDA:58,12,1,0
BRDA:58,13,0,4
BRDA:58,13,1,4
BRDA:63,14,0,0
BRDA:63,14,1,4
BRDA:63,15,0,4
BRDA:63,15,1,0
BRDA:74,16,0,2
BRDA:74,16,1,2
BRDA:93,17,0,2
BRDA:93,17,1,1
BRDA:114,18,0,1
BRDA:114,18,1,0
BRDA:115,19,0,1
BRDA:115,19,1,0
BRDA:129,20,0,0
BRDA:129,20,1,0
BRDA:131,21,0,0
BRDA:131,21,1,0
BRDA:144,22,0,0
BRDA:144,22,1,0
BRDA:144,22,2,0
BRDA:144,22,3,0
BRDA:146,23,0,0
BRDA:146,23,1,0
BRDA:170,24,0,0
BRDA:170,24,1,0
BRDA:170,25,0,0
BRDA:170,25,1,0
BRDA:183,26,0,0
BRDA:183,26,1,0
BRDA:183,27,0,0
BRDA:183,27,1,0
BRDA:185,28,0,0
BRDA:185,28,1,0
BRDA:185,29,0,0
BRDA:185,29,1,0
BRDA:211,30,0,0
BRDA:211,30,1,0
BRDA:212,31,0,0
BRDA:212,31,1,0
BRDA:227,32,0,0
BRDA:227,32,1,0
BRDA:227,33,0,0
BRDA:227,33,1,0
BRDA:234,34,0,0
BRDA:234,34,1,0
BRDA:236,35,0,0
BRDA:236,35,1,0
BRDA:242,36,0,0
BRDA:242,36,1,0
BRDA:257,37,0,0
BRDA:257,37,1,0
BRDA:257,38,0,0
BRDA:257,38,1,0
BRDA:257,38,2,0
BRDA:257,38,3,0
BRDA:260,39,0,0
BRDA:260,39,1,0
BRDA:261,40,0,0
BRDA:261,40,1,0
BRDA:264,41,0,0
BRDA:264,41,1,0
BRDA:264,42,0,0
BRDA:264,42,1,0
BRDA:264,42,2,0
BRDA:283,43,0,0
BRDA:283,43,1,0
BRDA:284,44,0,0
BRDA:284,44,1,0
BRDA:286,45,0,0
BRDA:286,45,1,0
BRDA:286,46,0,0
BRDA:286,46,1,0
BRDA:286,46,2,0
BRF:102
BRH:25
end_of_record
