TN:
SF:pointless_impressions_src/theme/static_src/src/js/artwork.js
FN:7,renderArtworkList
FN:34,(anonymous_1)
FN:84,filterAvailableArtworks
FN:85,(anonymous_3)
FN:89,sortArtworksByPrice
FN:90,(anonymous_5)
FN:100,toggleLoadingState
FN:115,fetchArtworksFromAPI
FN:124,(anonymous_8)
FN:128,(anonymous_9)
FN:133,(anonymous_10)
FN:146,applyStateAndRender
FN:165,initArtworkListEnhancements
FN:169,(anonymous_13)
FN:180,(anonymous_14)
FN:198,(anonymous_15)
FNF:16
FNH:6
FNDA:2,renderArtworkList
FNDA:4,(anonymous_1)
FNDA:1,filterAvailableArtworks
FNDA:2,(anonymous_3)
FNDA:1,sortArtworksByPrice
FNDA:1,(anonymous_5)
FNDA:0,toggleLoadingState
FNDA:0,fetchArtworksFromAPI
FNDA:0,(anonymous_8)
FNDA:0,(anonymous_9)
FNDA:0,(anonymous_10)
FNDA:0,applyStateAndRender
FNDA:0,initArtworkListEnhancements
FNDA:0,(anonymous_13)
FNDA:0,(anonymous_14)
FNDA:0,(anonymous_15)
DA:8,2
DA:9,2
DA:12,2
DA:15,2
DA:16,2
DA:19,2
DA:21,2
DA:22,0
DA:34,2
DA:35,4
DA:36,4
DA:37,4
DA:40,4
DA:41,4
DA:42,4
DA:44,4
DA:46,0
DA:47,0
DA:48,0
DA:50,4
DA:54,4
DA:56,4
DA:76,4
DA:77,4
DA:80,2
DA:85,2
DA:90,1
DA:96,1
DA:97,1
DA:98,1
DA:101,0
DA:102,0
DA:105,0
DA:106,0
DA:108,0
DA:116,0
DA:117,0
DA:118,0
DA:121,0
DA:123,0
DA:125,0
DA:126,0
DA:129,0
DA:130,0
DA:131,0
DA:134,0
DA:135,0
DA:136,0
DA:138,0
DA:147,0
DA:149,0
DA:150,0
DA:153,0
DA:154,0
DA:155,0
DA:158,0
DA:166,0
DA:167,0
DA:169,0
DA:172,0
DA:173,0
DA:179,0
DA:180,0
DA:181,0
DA:184,0
DA:185,0
DA:186,0
DA:192,0
DA:197,0
DA:198,0
DA:199,0
DA:202,0
DA:203,0
DA:204,0
DA:206,0
DA:207,0
DA:211,0
DA:217,1
DA:220,1
LF:79
LH:28
BRDA:9,0,0,0
BRDA:9,0,1,2
BRDA:19,1,0,2
BRDA:19,1,1,0
BRDA:21,2,0,0
BRDA:21,2,1,2
BRDA:42,3,0,4
BRDA:42,3,1,4
BRDA:44,4,0,0
BRDA:44,4,1,4
BRDA:44,5,0,4
BRDA:44,5,1,0
BRDA:54,6,0,0
BRDA:54,6,1,4
BRDA:54,7,0,4
BRDA:54,7,1,0
BRDA:64,8,0,2
BRDA:64,8,1,2
BRDA:85,9,0,2
BRDA:85,9,1,1
BRDA:102,10,0,0
BRDA:102,10,1,0
BRDA:105,11,0,0
BRDA:105,11,1,0
BRDA:116,12,0,0
BRDA:116,12,1,0
BRDA:125,13,0,0
BRDA:125,13,1,0
BRDA:149,14,0,0
BRDA:149,14,1,0
BRDA:154,15,0,0
BRDA:154,15,1,0
BRDA:172,16,0,0
BRDA:172,16,1,0
BRDA:179,17,0,0
BRDA:179,17,1,0
BRDA:181,18,0,0
BRDA:181,18,1,0
BRDA:185,19,0,0
BRDA:185,19,1,0
BRDA:186,20,0,0
BRDA:186,20,1,0
BRDA:197,21,0,0
BRDA:197,21,1,0
BRDA:202,22,0,0
BRDA:202,22,1,0
BRF:46
BRH:13
end_of_record
